{"D:\\TaviscaAssignmentsForQA\\TypeScriptWithJest\\palindrome-program.js": {"path":"D:\\TaviscaAssignmentsForQA\\TypeScriptWithJest\\palindrome-program.js","statementMap":{"0":{"start":{"line":2,"column":0},"end":{"line":2,"column":26}},"1":{"start":{"line":3,"column":0},"end":{"line":3,"column":30}},"2":{"start":{"line":5,"column":18},"end":{"line":5,"column":25}},"3":{"start":{"line":10,"column":0},"end":{"line":25,"column":3}},"4":{"start":{"line":11,"column":23},"end":{"line":11,"column":25}},"5":{"start":{"line":12,"column":4},"end":{"line":16,"column":22}},"6":{"start":{"line":17,"column":4},"end":{"line":24,"column":5}},"7":{"start":{"line":18,"column":8},"end":{"line":18,"column":60}},"8":{"start":{"line":19,"column":8},"end":{"line":19,"column":20}},"9":{"start":{"line":22,"column":8},"end":{"line":22,"column":64}},"10":{"start":{"line":23,"column":8},"end":{"line":23,"column":21}}},"fnMap":{"0":{"name":"(anonymous_0)","decl":{"start":{"line":10,"column":24},"end":{"line":10,"column":25}},"loc":{"start":{"line":10,"column":47},"end":{"line":25,"column":1}},"line":10}},"branchMap":{"0":{"loc":{"start":{"line":17,"column":4},"end":{"line":24,"column":5}},"type":"if","locations":[{"start":{"line":17,"column":4},"end":{"line":24,"column":5}},{"start":{"line":17,"column":4},"end":{"line":24,"column":5}}],"line":17}},"s":{"0":1,"1":1,"2":1,"3":1,"4":1,"5":1,"6":1,"7":1,"8":1,"9":0,"10":0},"f":{"0":1},"b":{"0":[1,0]},"inputSourceMap":null,"_coverageSchema":"1a1c01bbd47fc00a2c39e90264f33305004495a9","hash":"ce7902a42175eb825ad07f581285fe693b0b88f5"}
}
