{"D:\\TaviscaAssignmentsForQA\\TypeScriptWithJest 1.0\\src\\Day1\\Code\\divisible-number.ts": {"path":"D:\\TaviscaAssignmentsForQA\\TypeScriptWithJest 1.0\\src\\Day1\\Code\\divisible-number.ts","statementMap":{"0":{"start":{"line":3,"column":21},"end":{"line":3,"column":60}},"1":{"start":{"line":8,"column":13},"end":{"line":38,"column":3}},"2":{"start":{"line":11,"column":24},"end":{"line":11,"column":26}},"3":{"start":{"line":12,"column":4},"end":{"line":12,"column":101}},"4":{"start":{"line":14,"column":5},"end":{"line":35,"column":null}},"5":{"start":{"line":16,"column":12},"end":{"line":34,"column":null}},"6":{"start":{"line":17,"column":16},"end":{"line":17,"column":63}},"7":{"start":{"line":18,"column":16},"end":{"line":18,"column":36}},"8":{"start":{"line":21,"column":17},"end":{"line":34,"column":null}},"9":{"start":{"line":22,"column":16},"end":{"line":22,"column":58}},"10":{"start":{"line":23,"column":16},"end":{"line":23,"column":36}},"11":{"start":{"line":26,"column":17},"end":{"line":34,"column":null}},"12":{"start":{"line":27,"column":16},"end":{"line":27,"column":58}},"13":{"start":{"line":28,"column":16},"end":{"line":28,"column":36}},"14":{"start":{"line":32,"column":16},"end":{"line":32,"column":67}},"15":{"start":{"line":33,"column":16},"end":{"line":33,"column":36}},"16":{"start":{"line":37,"column":5},"end":{"line":37,"column":20}}},"fnMap":{"0":{"name":"(anonymous_0)","decl":{"start":{"line":8,"column":34},"end":{"line":8,"column":35}},"loc":{"start":{"line":8,"column":47},"end":{"line":38,"column":1}}}},"branchMap":{"0":{"loc":{"start":{"line":16,"column":12},"end":{"line":34,"column":null}},"type":"if","locations":[{"start":{"line":16,"column":12},"end":{"line":34,"column":null}},{"start":{"line":16,"column":12},"end":{"line":34,"column":null}}]},"1":{"loc":{"start":{"line":16,"column":15},"end":{"line":16,"column":30}},"type":"binary-expr","locations":[{"start":{"line":16,"column":15},"end":{"line":16,"column":30}},{"start":{"line":16,"column":34},"end":{"line":16,"column":49}}]},"2":{"loc":{"start":{"line":21,"column":17},"end":{"line":34,"column":null}},"type":"if","locations":[{"start":{"line":21,"column":17},"end":{"line":34,"column":null}},{"start":{"line":21,"column":17},"end":{"line":34,"column":null}}]},"3":{"loc":{"start":{"line":26,"column":17},"end":{"line":34,"column":null}},"type":"if","locations":[{"start":{"line":26,"column":17},"end":{"line":34,"column":null}},{"start":{"line":26,"column":17},"end":{"line":34,"column":null}}]}},"s":{"0":1,"1":1,"2":1,"3":1,"4":1,"5":10,"6":3,"7":3,"8":7,"9":3,"10":3,"11":4,"12":3,"13":3,"14":1,"15":1,"16":1},"f":{"0":1},"b":{"0":[3,7],"1":[10,6],"2":[3,4],"3":[3,1]}}
,"D:\\TaviscaAssignmentsForQA\\TypeScriptWithJest 1.0\\src\\Day1\\Code\\smallest-number.ts": {"path":"D:\\TaviscaAssignmentsForQA\\TypeScriptWithJest 1.0\\src\\Day1\\Code\\smallest-number.ts","statementMap":{"0":{"start":{"line":3,"column":15},"end":{"line":3,"column":25}},"1":{"start":{"line":4,"column":13},"end":{"line":4,"column":31}},"2":{"start":{"line":5,"column":14},"end":{"line":5,"column":46}},"3":{"start":{"line":12,"column":13},"end":{"line":29,"column":3}},"4":{"start":{"line":14,"column":4},"end":{"line":14,"column":94}},"5":{"start":{"line":17,"column":28},"end":{"line":17,"column":53}},"6":{"start":{"line":27,"column":4},"end":{"line":27,"column":null}},"7":{"start":{"line":28,"column":4},"end":{"line":28,"column":26}}},"fnMap":{"0":{"name":"(anonymous_0)","decl":{"start":{"line":12,"column":34},"end":{"line":12,"column":35}},"loc":{"start":{"line":12,"column":62},"end":{"line":29,"column":1}}}},"branchMap":{},"s":{"0":1,"1":1,"2":1,"3":1,"4":2,"5":2,"6":2,"7":2},"f":{"0":2},"b":{}}
,"D:\\TaviscaAssignmentsForQA\\TypeScriptWithJest 1.0\\src\\Day1\\Code\\welcome.ts": {"path":"D:\\TaviscaAssignmentsForQA\\TypeScriptWithJest 1.0\\src\\Day1\\Code\\welcome.ts","statementMap":{"0":{"start":{"line":3,"column":12},"end":{"line":3,"column":26}},"1":{"start":{"line":9,"column":13},"end":{"line":24,"column":3}},"2":{"start":{"line":11,"column":15},"end":{"line":11,"column":17}},"3":{"start":{"line":12,"column":4},"end":{"line":12,"column":54}},"4":{"start":{"line":13,"column":4},"end":{"line":22,"column":null}},"5":{"start":{"line":15,"column":8},"end":{"line":15,"column":45}},"6":{"start":{"line":16,"column":8},"end":{"line":16,"column":28}},"7":{"start":{"line":20,"column":8},"end":{"line":20,"column":32}},"8":{"start":{"line":21,"column":8},"end":{"line":21,"column":28}},"9":{"start":{"line":23,"column":4},"end":{"line":23,"column":18}}},"fnMap":{"0":{"name":"(anonymous_0)","decl":{"start":{"line":9,"column":34},"end":{"line":9,"column":35}},"loc":{"start":{"line":9,"column":46},"end":{"line":24,"column":1}}}},"branchMap":{"0":{"loc":{"start":{"line":13,"column":4},"end":{"line":22,"column":null}},"type":"if","locations":[{"start":{"line":13,"column":4},"end":{"line":22,"column":null}},{"start":{"line":13,"column":4},"end":{"line":22,"column":null}}]},"1":{"loc":{"start":{"line":13,"column":7},"end":{"line":13,"column":19}},"type":"binary-expr","locations":[{"start":{"line":13,"column":7},"end":{"line":13,"column":19}},{"start":{"line":13,"column":23},"end":{"line":13,"column":33}}]}},"s":{"0":1,"1":1,"2":2,"3":2,"4":2,"5":1,"6":1,"7":1,"8":1,"9":2},"f":{"0":2},"b":{"0":[1,1],"1":[2,1]}}
,"D:\\TaviscaAssignmentsForQA\\TypeScriptWithJest 1.0\\src\\Day2\\Code\\animal-legs-subtotal.ts": {"path":"D:\\TaviscaAssignmentsForQA\\TypeScriptWithJest 1.0\\src\\Day2\\Code\\animal-legs-subtotal.ts","statementMap":{"0":{"start":{"line":7,"column":19},"end":{"line":7,"column":54}},"1":{"start":{"line":13,"column":14},"end":{"line":25,"column":5}},"2":{"start":{"line":17,"column":36},"end":{"line":17,"column":37}},"3":{"start":{"line":18,"column":8},"end":{"line":20,"column":null}},"4":{"start":{"line":19,"column":12},"end":{"line":19,"column":65}},"5":{"start":{"line":23,"column":8},"end":{"line":23,"column":72}},"6":{"start":{"line":24,"column":8},"end":{"line":24,"column":31}},"7":{"start":{"line":30,"column":28},"end":{"line":30,"column":29}},"8":{"start":{"line":31,"column":8},"end":{"line":46,"column":null}},"9":{"start":{"line":33,"column":12},"end":{"line":33,"column":44}},"10":{"start":{"line":35,"column":13},"end":{"line":46,"column":null}},"11":{"start":{"line":37,"column":12},"end":{"line":37,"column":44}},"12":{"start":{"line":39,"column":13},"end":{"line":46,"column":null}},"13":{"start":{"line":41,"column":12},"end":{"line":41,"column":44}},"14":{"start":{"line":45,"column":12},"end":{"line":45,"column":32}},"15":{"start":{"line":47,"column":7},"end":{"line":47,"column":30}}},"fnMap":{"0":{"name":"(anonymous_0)","decl":{"start":{"line":13,"column":48},"end":{"line":13,"column":49}},"loc":{"start":{"line":13,"column":61},"end":{"line":25,"column":3}}},"1":{"name":"_culateLegsPerAnimal","decl":{"start":{"line":28,"column":13},"end":{"line":28,"column":33}},"loc":{"start":{"line":28,"column":44},"end":{"line":48,"column":5}}}},"branchMap":{"0":{"loc":{"start":{"line":31,"column":8},"end":{"line":46,"column":null}},"type":"if","locations":[{"start":{"line":31,"column":8},"end":{"line":46,"column":null}},{"start":{"line":31,"column":8},"end":{"line":46,"column":null}}]},"1":{"loc":{"start":{"line":35,"column":13},"end":{"line":46,"column":null}},"type":"if","locations":[{"start":{"line":35,"column":13},"end":{"line":46,"column":null}},{"start":{"line":35,"column":13},"end":{"line":46,"column":null}}]},"2":{"loc":{"start":{"line":39,"column":13},"end":{"line":46,"column":null}},"type":"if","locations":[{"start":{"line":39,"column":13},"end":{"line":46,"column":null}},{"start":{"line":39,"column":13},"end":{"line":46,"column":null}}]}},"s":{"0":1,"1":1,"2":1,"3":1,"4":3,"5":1,"6":1,"7":3,"8":3,"9":1,"10":2,"11":1,"12":1,"13":1,"14":0,"15":3},"f":{"0":1,"1":3},"b":{"0":[1,2],"1":[1,1],"2":[1,0]}}
,"D:\\TaviscaAssignmentsForQA\\TypeScriptWithJest 1.0\\src\\Day2\\Code\\array-subset-comparision.ts": {"path":"D:\\TaviscaAssignmentsForQA\\TypeScriptWithJest 1.0\\src\\Day2\\Code\\array-subset-comparision.ts","statementMap":{"0":{"start":{"line":13,"column":12},"end":{"line":19,"column":2}},"1":{"start":{"line":34,"column":15},"end":{"line":58,"column":3}},"2":{"start":{"line":36,"column":22},"end":{"line":36,"column":24}},"3":{"start":{"line":37,"column":4},"end":{"line":56,"column":null}},"4":{"start":{"line":37,"column":27},"end":{"line":37,"column":47}},"5":{"start":{"line":39,"column":8},"end":{"line":39,"column":46}},"6":{"start":{"line":40,"column":8},"end":{"line":40,"column":28}},"7":{"start":{"line":42,"column":9},"end":{"line":56,"column":null}},"8":{"start":{"line":42,"column":32},"end":{"line":42,"column":52}},"9":{"start":{"line":44,"column":8},"end":{"line":44,"column":47}},"10":{"start":{"line":45,"column":8},"end":{"line":45,"column":28}},"11":{"start":{"line":47,"column":9},"end":{"line":56,"column":null}},"12":{"start":{"line":47,"column":32},"end":{"line":47,"column":52}},"13":{"start":{"line":49,"column":8},"end":{"line":49,"column":44}},"14":{"start":{"line":50,"column":8},"end":{"line":50,"column":28}},"15":{"start":{"line":54,"column":8},"end":{"line":54,"column":52}},"16":{"start":{"line":55,"column":8},"end":{"line":55,"column":28}},"17":{"start":{"line":57,"column":4},"end":{"line":57,"column":18}}},"fnMap":{"0":{"name":"(anonymous_0)","decl":{"start":{"line":34,"column":35},"end":{"line":34,"column":36}},"loc":{"start":{"line":34,"column":67},"end":{"line":58,"column":1}}},"1":{"name":"(anonymous_1)","decl":{"start":{"line":37,"column":21},"end":{"line":37,"column":23}},"loc":{"start":{"line":37,"column":23},"end":{"line":37,"column":33}}},"2":{"name":"(anonymous_2)","decl":{"start":{"line":42,"column":26},"end":{"line":42,"column":28}},"loc":{"start":{"line":42,"column":28},"end":{"line":42,"column":38}}},"3":{"name":"(anonymous_3)","decl":{"start":{"line":47,"column":26},"end":{"line":47,"column":28}},"loc":{"start":{"line":47,"column":28},"end":{"line":47,"column":38}}}},"branchMap":{"0":{"loc":{"start":{"line":37,"column":4},"end":{"line":56,"column":null}},"type":"if","locations":[{"start":{"line":37,"column":4},"end":{"line":56,"column":null}},{"start":{"line":37,"column":4},"end":{"line":56,"column":null}}]},"1":{"loc":{"start":{"line":37,"column":7},"end":{"line":37,"column":47}},"type":"binary-expr","locations":[{"start":{"line":37,"column":7},"end":{"line":37,"column":47}},{"start":{"line":37,"column":51},"end":{"line":37,"column":80}}]},"2":{"loc":{"start":{"line":42,"column":9},"end":{"line":56,"column":null}},"type":"if","locations":[{"start":{"line":42,"column":9},"end":{"line":56,"column":null}},{"start":{"line":42,"column":9},"end":{"line":56,"column":null}}]},"3":{"loc":{"start":{"line":42,"column":12},"end":{"line":42,"column":52}},"type":"binary-expr","locations":[{"start":{"line":42,"column":12},"end":{"line":42,"column":52}},{"start":{"line":42,"column":56},"end":{"line":42,"column":85}}]},"4":{"loc":{"start":{"line":47,"column":9},"end":{"line":56,"column":null}},"type":"if","locations":[{"start":{"line":47,"column":9},"end":{"line":56,"column":null}},{"start":{"line":47,"column":9},"end":{"line":56,"column":null}}]},"5":{"loc":{"start":{"line":47,"column":12},"end":{"line":47,"column":52}},"type":"binary-expr","locations":[{"start":{"line":47,"column":12},"end":{"line":47,"column":52}},{"start":{"line":47,"column":56},"end":{"line":47,"column":85}}]}},"s":{"0":1,"1":1,"2":4,"3":4,"4":13,"5":1,"6":1,"7":3,"8":12,"9":1,"10":1,"11":2,"12":8,"13":1,"14":1,"15":1,"16":1,"17":4},"f":{"0":4,"1":13,"2":12,"3":8},"b":{"0":[1,3],"1":[4,2],"2":[1,2],"3":[3,2],"4":[1,1],"5":[2,1]}}
,"D:\\TaviscaAssignmentsForQA\\TypeScriptWithJest 1.0\\src\\Day2\\Code\\object-to-array-conversion.ts": {"path":"D:\\TaviscaAssignmentsForQA\\TypeScriptWithJest 1.0\\src\\Day2\\Code\\object-to-array-conversion.ts","statementMap":{"0":{"start":{"line":17,"column":18},"end":{"line":40,"column":7}},"1":{"start":{"line":19,"column":30},"end":{"line":19,"column":32}},"2":{"start":{"line":20,"column":19},"end":{"line":20,"column":21}},"3":{"start":{"line":22,"column":8},"end":{"line":35,"column":null}},"4":{"start":{"line":25,"column":13},"end":{"line":25,"column":59}},"5":{"start":{"line":26,"column":13},"end":{"line":26,"column":62}},"6":{"start":{"line":27,"column":12},"end":{"line":27,"column":32}},"7":{"start":{"line":32,"column":12},"end":{"line":32,"column":58}},"8":{"start":{"line":33,"column":12},"end":{"line":33,"column":71}},"9":{"start":{"line":34,"column":12},"end":{"line":34,"column":32}},"10":{"start":{"line":37,"column":8},"end":{"line":37,"column":39}},"11":{"start":{"line":38,"column":8},"end":{"line":38,"column":33}}},"fnMap":{"0":{"name":"(anonymous_0)","decl":{"start":{"line":17,"column":38},"end":{"line":17,"column":39}},"loc":{"start":{"line":17,"column":52},"end":{"line":39,"column":5}}}},"branchMap":{"0":{"loc":{"start":{"line":22,"column":8},"end":{"line":35,"column":null}},"type":"if","locations":[{"start":{"line":22,"column":8},"end":{"line":35,"column":null}},{"start":{"line":22,"column":8},"end":{"line":35,"column":null}}]}},"s":{"0":1,"1":2,"2":2,"3":2,"4":1,"5":1,"6":1,"7":1,"8":1,"9":1,"10":2,"11":2},"f":{"0":2},"b":{"0":[1,1]}}
,"D:\\TaviscaAssignmentsForQA\\TypeScriptWithJest 1.0\\src\\Day3\\Code\\first-element-of-an-array.ts": {"path":"D:\\TaviscaAssignmentsForQA\\TypeScriptWithJest 1.0\\src\\Day3\\Code\\first-element-of-an-array.ts","statementMap":{"0":{"start":{"line":27,"column":13},"end":{"line":36,"column":3}},"1":{"start":{"line":29,"column":3},"end":{"line":31,"column":null}},"2":{"start":{"line":30,"column":7},"end":{"line":30,"column":17}},"3":{"start":{"line":32,"column":3},"end":{"line":34,"column":null}},"4":{"start":{"line":33,"column":7},"end":{"line":33,"column":30}},"5":{"start":{"line":35,"column":3},"end":{"line":35,"column":39}}},"fnMap":{"0":{"name":"(anonymous_0)","decl":{"start":{"line":27,"column":55},"end":{"line":27,"column":56}},"loc":{"start":{"line":27,"column":91},"end":{"line":36,"column":1}}}},"branchMap":{"0":{"loc":{"start":{"line":29,"column":3},"end":{"line":31,"column":null}},"type":"if","locations":[{"start":{"line":29,"column":3},"end":{"line":31,"column":null}},{"start":{"line":29,"column":3},"end":{"line":31,"column":null}}]},"1":{"loc":{"start":{"line":29,"column":6},"end":{"line":29,"column":26}},"type":"binary-expr","locations":[{"start":{"line":29,"column":6},"end":{"line":29,"column":26}},{"start":{"line":29,"column":30},"end":{"line":29,"column":40}}]},"2":{"loc":{"start":{"line":32,"column":3},"end":{"line":34,"column":null}},"type":"if","locations":[{"start":{"line":32,"column":3},"end":{"line":34,"column":null}},{"start":{"line":32,"column":3},"end":{"line":34,"column":null}}]}},"s":{"0":1,"1":2,"2":0,"3":2,"4":1,"5":1},"f":{"0":2},"b":{"0":[0,2],"1":[2,2],"2":[1,1]}}
,"D:\\TaviscaAssignmentsForQA\\TypeScriptWithJest 1.0\\src\\Day3\\Code\\reverse-a-number.ts": {"path":"D:\\TaviscaAssignmentsForQA\\TypeScriptWithJest 1.0\\src\\Day3\\Code\\reverse-a-number.ts","statementMap":{"0":{"start":{"line":8,"column":27},"end":{"line":8,"column":34}},"1":{"start":{"line":15,"column":13},"end":{"line":29,"column":3}},"2":{"start":{"line":17,"column":16},"end":{"line":17,"column":18}},"3":{"start":{"line":18,"column":4},"end":{"line":20,"column":null}},"4":{"start":{"line":18,"column":17},"end":{"line":18,"column":18}},"5":{"start":{"line":19,"column":8},"end":{"line":19,"column":41}},"6":{"start":{"line":21,"column":4},"end":{"line":21,"column":20}},"7":{"start":{"line":23,"column":22},"end":{"line":23,"column":24}},"8":{"start":{"line":24,"column":4},"end":{"line":26,"column":7}},"9":{"start":{"line":25,"column":8},"end":{"line":25,"column":46}},"10":{"start":{"line":27,"column":4},"end":{"line":27,"column":null}},"11":{"start":{"line":28,"column":4},"end":{"line":28,"column":25}},"12":{"start":{"line":38,"column":13},"end":{"line":49,"column":3}},"13":{"start":{"line":41,"column":8},"end":{"line":45,"column":17}},"14":{"start":{"line":47,"column":2},"end":{"line":47,"column":97}},"15":{"start":{"line":48,"column":2},"end":{"line":48,"column":22}}},"fnMap":{"0":{"name":"(anonymous_0)","decl":{"start":{"line":15,"column":50},"end":{"line":15,"column":51}},"loc":{"start":{"line":15,"column":69},"end":{"line":29,"column":1}}},"1":{"name":"(anonymous_1)","decl":{"start":{"line":24,"column":18},"end":{"line":24,"column":25}},"loc":{"start":{"line":24,"column":25},"end":{"line":26,"column":5}}},"2":{"name":"(anonymous_2)","decl":{"start":{"line":38,"column":51},"end":{"line":38,"column":52}},"loc":{"start":{"line":38,"column":70},"end":{"line":49,"column":1}}}},"branchMap":{},"s":{"0":1,"1":1,"2":1,"3":1,"4":1,"5":5,"6":1,"7":1,"8":1,"9":5,"10":1,"11":1,"12":1,"13":1,"14":1,"15":1},"f":{"0":1,"1":5,"2":1},"b":{}}
,"D:\\TaviscaAssignmentsForQA\\TypeScriptWithJest 1.0\\src\\Day4\\Code\\factorial-program.ts": {"path":"D:\\TaviscaAssignmentsForQA\\TypeScriptWithJest 1.0\\src\\Day4\\Code\\factorial-program.ts","statementMap":{"0":{"start":{"line":3,"column":27},"end":{"line":3,"column":28}},"1":{"start":{"line":9,"column":36},"end":{"line":9,"column":37}},"2":{"start":{"line":16,"column":13},"end":{"line":27,"column":3}},"3":{"start":{"line":18,"column":17},"end":{"line":18,"column":18}},"4":{"start":{"line":24,"column":2},"end":{"line":24,"column":null}},"5":{"start":{"line":25,"column":2},"end":{"line":25,"column":66}},"6":{"start":{"line":26,"column":2},"end":{"line":26,"column":15}},"7":{"start":{"line":31,"column":2},"end":{"line":37,"column":null}},"8":{"start":{"line":33,"column":4},"end":{"line":33,"column":70}},"9":{"start":{"line":34,"column":4},"end":{"line":34,"column":84}},"10":{"start":{"line":35,"column":4},"end":{"line":35,"column":72}},"11":{"start":{"line":36,"column":4},"end":{"line":36,"column":36}},"12":{"start":{"line":39,"column":2},"end":{"line":39,"column":34}},"13":{"start":{"line":49,"column":13},"end":{"line":61,"column":3}},"14":{"start":{"line":51,"column":33},"end":{"line":51,"column":34}},"15":{"start":{"line":54,"column":4},"end":{"line":57,"column":null}},"16":{"start":{"line":56,"column":8},"end":{"line":56,"column":29}},"17":{"start":{"line":59,"column":4},"end":{"line":59,"column":77}},"18":{"start":{"line":60,"column":4},"end":{"line":60,"column":27}},"19":{"start":{"line":72,"column":13},"end":{"line":83,"column":3}},"20":{"start":{"line":74,"column":33},"end":{"line":74,"column":34}},"21":{"start":{"line":75,"column":4},"end":{"line":79,"column":null}},"22":{"start":{"line":77,"column":7},"end":{"line":77,"column":55}},"23":{"start":{"line":78,"column":7},"end":{"line":78,"column":21}},"24":{"start":{"line":81,"column":4},"end":{"line":81,"column":78}},"25":{"start":{"line":82,"column":4},"end":{"line":82,"column":27}}},"fnMap":{"0":{"name":"(anonymous_0)","decl":{"start":{"line":16,"column":44},"end":{"line":16,"column":45}},"loc":{"start":{"line":16,"column":96},"end":{"line":27,"column":1}}},"1":{"name":"_calculateFactorialNumber","decl":{"start":{"line":29,"column":9},"end":{"line":29,"column":34}},"loc":{"start":{"line":29,"column":86},"end":{"line":40,"column":1}}},"2":{"name":"(anonymous_2)","decl":{"start":{"line":49,"column":46},"end":{"line":49,"column":47}},"loc":{"start":{"line":49,"column":65},"end":{"line":61,"column":1}}},"3":{"name":"(anonymous_3)","decl":{"start":{"line":72,"column":48},"end":{"line":72,"column":49}},"loc":{"start":{"line":72,"column":67},"end":{"line":83,"column":1}}}},"branchMap":{"0":{"loc":{"start":{"line":31,"column":2},"end":{"line":37,"column":null}},"type":"if","locations":[{"start":{"line":31,"column":2},"end":{"line":37,"column":null}},{"start":{"line":31,"column":2},"end":{"line":37,"column":null}}]}},"s":{"0":1,"1":1,"2":1,"3":2,"4":2,"5":2,"6":2,"7":7,"8":5,"9":5,"10":5,"11":5,"12":2,"13":1,"14":2,"15":2,"16":5,"17":2,"18":2,"19":1,"20":0,"21":0,"22":0,"23":0,"24":0,"25":0},"f":{"0":2,"1":7,"2":2,"3":0},"b":{"0":[5,2]}}
,"D:\\TaviscaAssignmentsForQA\\TypeScriptWithJest 1.0\\src\\Day4\\Code\\palindrome-program.ts": {"path":"D:\\TaviscaAssignmentsForQA\\TypeScriptWithJest 1.0\\src\\Day4\\Code\\palindrome-program.ts","statementMap":{"0":{"start":{"line":3,"column":26},"end":{"line":3,"column":33}},"1":{"start":{"line":10,"column":13},"end":{"line":30,"column":4}},"2":{"start":{"line":12,"column":30},"end":{"line":12,"column":32}},"3":{"start":{"line":14,"column":5},"end":{"line":18,"column":30}},"4":{"start":{"line":20,"column":4},"end":{"line":29,"column":null}},"5":{"start":{"line":22,"column":8},"end":{"line":22,"column":60}},"6":{"start":{"line":23,"column":8},"end":{"line":23,"column":20}},"7":{"start":{"line":27,"column":8},"end":{"line":27,"column":64}},"8":{"start":{"line":28,"column":8},"end":{"line":28,"column":21}}},"fnMap":{"0":{"name":"(anonymous_0)","decl":{"start":{"line":10,"column":29},"end":{"line":10,"column":30}},"loc":{"start":{"line":10,"column":48},"end":{"line":30,"column":2}}}},"branchMap":{"0":{"loc":{"start":{"line":20,"column":4},"end":{"line":29,"column":null}},"type":"if","locations":[{"start":{"line":20,"column":4},"end":{"line":29,"column":null}},{"start":{"line":20,"column":4},"end":{"line":29,"column":null}}]}},"s":{"0":1,"1":1,"2":8,"3":8,"4":8,"5":4,"6":4,"7":4,"8":4},"f":{"0":8},"b":{"0":[4,4]}}
,"D:\\TaviscaAssignmentsForQA\\TypeScriptWithJest 1.0\\src\\Day4\\Code\\sum-of-an-array-of-integers.ts": {"path":"D:\\TaviscaAssignmentsForQA\\TypeScriptWithJest 1.0\\src\\Day4\\Code\\sum-of-an-array-of-integers.ts","statementMap":{"0":{"start":{"line":3,"column":29},"end":{"line":3,"column":45}},"1":{"start":{"line":12,"column":13},"end":{"line":24,"column":3}},"2":{"start":{"line":14,"column":32},"end":{"line":14,"column":33}},"3":{"start":{"line":15,"column":11},"end":{"line":15,"column":12}},"4":{"start":{"line":17,"column":4},"end":{"line":21,"column":null}},"5":{"start":{"line":19,"column":8},"end":{"line":19,"column":70}},"6":{"start":{"line":20,"column":8},"end":{"line":20,"column":12}},"7":{"start":{"line":22,"column":4},"end":{"line":22,"column":86}},"8":{"start":{"line":23,"column":4},"end":{"line":23,"column":27}},"9":{"start":{"line":33,"column":13},"end":{"line":51,"column":3}},"10":{"start":{"line":35,"column":4},"end":{"line":50,"column":null}},"11":{"start":{"line":37,"column":8},"end":{"line":37,"column":71}},"12":{"start":{"line":42,"column":36},"end":{"line":46,"column":40}},"13":{"start":{"line":45,"column":40},"end":{"line":45,"column":null}},"14":{"start":{"line":48,"column":8},"end":{"line":48,"column":102}},"15":{"start":{"line":49,"column":8},"end":{"line":49,"column":39}}},"fnMap":{"0":{"name":"(anonymous_0)","decl":{"start":{"line":12,"column":53},"end":{"line":12,"column":54}},"loc":{"start":{"line":12,"column":85},"end":{"line":24,"column":1}}},"1":{"name":"(anonymous_1)","decl":{"start":{"line":33,"column":59},"end":{"line":33,"column":60}},"loc":{"start":{"line":33,"column":91},"end":{"line":51,"column":1}}},"2":{"name":"(anonymous_2)","decl":{"start":{"line":43,"column":44},"end":{"line":43,"column":45}},"loc":{"start":{"line":43,"column":59},"end":{"line":46,"column":37}}}},"branchMap":{"0":{"loc":{"start":{"line":35,"column":4},"end":{"line":50,"column":null}},"type":"if","locations":[{"start":{"line":35,"column":4},"end":{"line":50,"column":null}},{"start":{"line":35,"column":4},"end":{"line":50,"column":null}}]}},"s":{"0":1,"1":1,"2":3,"3":3,"4":3,"5":15,"6":15,"7":3,"8":3,"9":1,"10":3,"11":0,"12":3,"13":15,"14":3,"15":3},"f":{"0":3,"1":3,"2":15},"b":{"0":[0,3]}}
}
