TN:
SF:src\Day1\Code\divisible-number.ts
FN:8,(anonymous_0)
FNF:1
FNH:1
FNDA:1,(anonymous_0)
DA:3,1
DA:8,1
DA:11,1
DA:12,1
DA:14,1
DA:16,10
DA:17,3
DA:18,3
DA:21,7
DA:22,3
DA:23,3
DA:26,4
DA:27,3
DA:28,3
DA:32,1
DA:33,1
DA:37,1
LF:17
LH:17
BRDA:16,0,0,3
BRDA:16,0,1,7
BRDA:16,1,0,10
BRDA:16,1,1,6
BRDA:21,2,0,3
BRDA:21,2,1,4
BRDA:26,3,0,3
BRDA:26,3,1,1
BRF:8
BRH:8
end_of_record
TN:
SF:src\Day1\Code\smallest-number.ts
FN:12,(anonymous_0)
FNF:1
FNH:1
FNDA:2,(anonymous_0)
DA:3,1
DA:4,1
DA:5,1
DA:12,1
DA:14,2
DA:17,2
DA:27,2
DA:28,2
LF:8
LH:8
BRF:0
BRH:0
end_of_record
TN:
SF:src\Day1\Code\welcome.ts
FN:9,(anonymous_0)
FNF:1
FNH:1
FNDA:2,(anonymous_0)
DA:3,1
DA:9,1
DA:11,2
DA:12,2
DA:13,2
DA:15,1
DA:16,1
DA:20,1
DA:21,1
DA:23,2
LF:10
LH:10
BRDA:13,0,0,1
BRDA:13,0,1,1
BRDA:13,1,0,2
BRDA:13,1,1,1
BRF:4
BRH:4
end_of_record
TN:
SF:src\Day2\Code\animal-legs-subtotal.ts
FN:13,(anonymous_0)
FN:28,_culateLegsPerAnimal
FNF:2
FNH:2
FNDA:1,(anonymous_0)
FNDA:3,_culateLegsPerAnimal
DA:7,1
DA:13,1
DA:17,1
DA:18,1
DA:19,3
DA:23,1
DA:24,1
DA:30,3
DA:31,3
DA:33,1
DA:35,2
DA:37,1
DA:39,1
DA:41,1
DA:45,0
DA:47,3
LF:16
LH:15
BRDA:31,0,0,1
BRDA:31,0,1,2
BRDA:35,1,0,1
BRDA:35,1,1,1
BRDA:39,2,0,1
BRDA:39,2,1,0
BRF:6
BRH:5
end_of_record
TN:
SF:src\Day2\Code\array-subset-comparision.ts
FN:34,(anonymous_0)
FN:37,(anonymous_1)
FN:42,(anonymous_2)
FN:47,(anonymous_3)
FNF:4
FNH:4
FNDA:4,(anonymous_0)
FNDA:13,(anonymous_1)
FNDA:12,(anonymous_2)
FNDA:8,(anonymous_3)
DA:13,1
DA:34,1
DA:36,4
DA:37,13
DA:39,1
DA:40,1
DA:42,12
DA:44,1
DA:45,1
DA:47,8
DA:49,1
DA:50,1
DA:54,1
DA:55,1
DA:57,4
LF:15
LH:15
BRDA:37,0,0,1
BRDA:37,0,1,3
BRDA:37,1,0,4
BRDA:37,1,1,2
BRDA:42,2,0,1
BRDA:42,2,1,2
BRDA:42,3,0,3
BRDA:42,3,1,2
BRDA:47,4,0,1
BRDA:47,4,1,1
BRDA:47,5,0,2
BRDA:47,5,1,1
BRF:12
BRH:12
end_of_record
TN:
SF:src\Day2\Code\object-to-array-conversion.ts
FN:17,(anonymous_0)
FNF:1
FNH:1
FNDA:2,(anonymous_0)
DA:17,1
DA:19,2
DA:20,2
DA:22,2
DA:25,1
DA:26,1
DA:27,1
DA:32,1
DA:33,1
DA:34,1
DA:37,2
DA:38,2
LF:12
LH:12
BRDA:22,0,0,1
BRDA:22,0,1,1
BRF:2
BRH:2
end_of_record
TN:
SF:src\Day3\Code\first-element-of-an-array.ts
FN:27,(anonymous_0)
FNF:1
FNH:1
FNDA:2,(anonymous_0)
DA:27,1
DA:29,2
DA:30,0
DA:32,2
DA:33,1
DA:35,1
LF:6
LH:5
BRDA:29,0,0,0
BRDA:29,0,1,2
BRDA:29,1,0,2
BRDA:29,1,1,2
BRDA:32,2,0,1
BRDA:32,2,1,1
BRF:6
BRH:5
end_of_record
TN:
SF:src\Day3\Code\reverse-a-number.ts
FN:15,(anonymous_0)
FN:24,(anonymous_1)
FN:38,(anonymous_2)
FNF:3
FNH:3
FNDA:1,(anonymous_0)
FNDA:5,(anonymous_1)
FNDA:1,(anonymous_2)
DA:8,1
DA:15,1
DA:17,1
DA:18,1
DA:19,5
DA:21,1
DA:23,1
DA:24,1
DA:25,5
DA:27,1
DA:28,1
DA:38,1
DA:41,1
DA:47,1
DA:48,1
LF:15
LH:15
BRF:0
BRH:0
end_of_record
TN:
SF:src\Day4\Code\factorial-program.ts
FN:16,(anonymous_0)
FN:29,_calculateFactorialNumber
FN:49,(anonymous_2)
FN:72,(anonymous_3)
FNF:4
FNH:3
FNDA:2,(anonymous_0)
FNDA:7,_calculateFactorialNumber
FNDA:2,(anonymous_2)
FNDA:0,(anonymous_3)
DA:3,1
DA:9,1
DA:16,1
DA:18,2
DA:24,2
DA:25,2
DA:26,2
DA:31,7
DA:33,5
DA:34,5
DA:35,5
DA:36,5
DA:39,2
DA:49,1
DA:51,2
DA:54,2
DA:56,5
DA:59,2
DA:60,2
DA:72,1
DA:74,0
DA:75,0
DA:77,0
DA:78,0
DA:81,0
DA:82,0
LF:26
LH:20
BRDA:31,0,0,5
BRDA:31,0,1,2
BRF:2
BRH:2
end_of_record
TN:
SF:src\Day4\Code\palindrome-program.ts
FN:10,(anonymous_0)
FNF:1
FNH:1
FNDA:8,(anonymous_0)
DA:3,1
DA:10,1
DA:12,8
DA:14,8
DA:20,8
DA:22,4
DA:23,4
DA:27,4
DA:28,4
LF:9
LH:9
BRDA:20,0,0,4
BRDA:20,0,1,4
BRF:2
BRH:2
end_of_record
TN:
SF:src\Day4\Code\sum-of-an-array-of-integers.ts
FN:12,(anonymous_0)
FN:33,(anonymous_1)
FN:43,(anonymous_2)
FNF:3
FNH:3
FNDA:3,(anonymous_0)
FNDA:3,(anonymous_1)
FNDA:15,(anonymous_2)
DA:3,1
DA:12,1
DA:14,3
DA:15,3
DA:17,3
DA:19,15
DA:20,15
DA:22,3
DA:23,3
DA:33,1
DA:35,3
DA:37,0
DA:42,3
DA:45,15
DA:48,3
DA:49,3
LF:16
LH:15
BRDA:35,0,0,0
BRDA:35,0,1,3
BRF:2
BRH:1
end_of_record
