<?xml version='1.0'?>
<ns2:test-suite xmlns:ns2='urn:model.allure.qatools.yandex.ru' start='1602504134280' stop='1602504134306'>
    <name>Citi Bank feature [2.0]: [Bank base scenario 2.5]</name>
    <title>Citi Bank feature [2.0]: [Bank base scenario 2.5]</title>
    <test-cases>
        <test-case start='1602504134282' status='passed' stop='1602504134298'>
            <name>Hook</name>
            <title>Hook</title>
            <labels>
                <label name='language' value='javascript'/>
                <label name='framework' value='wdio'/>
                <label name='thread' value='0-1'/>
            </labels>
            <parameters>
                <parameter kind='argument' name='browser' value='chrome-85.0.4183.121'/>
            </parameters>
            <steps/>
            <attachments>
                <attachment title='Screenshot' source='5b78ee96-d280-47e3-be1a-65bea1c99fe7-attachment.png' type='image/png' size='3486'/>
            </attachments>
        </test-case>
        <test-case start='1602504134298' status='passed' stop='1602504134299'>
            <name>Hook</name>
            <title>Hook</title>
            <labels>
                <label name='language' value='javascript'/>
                <label name='framework' value='wdio'/>
                <label name='thread' value='0-1'/>
            </labels>
            <parameters>
                <parameter kind='argument' name='browser' value='chrome-85.0.4183.121'/>
            </parameters>
            <steps/>
            <attachments/>
        </test-case>
        <test-case start='1602504134299' status='passed' stop='1602504134300'>
            <name>Hook</name>
            <title>Hook</title>
            <labels>
                <label name='language' value='javascript'/>
                <label name='framework' value='wdio'/>
                <label name='thread' value='0-1'/>
            </labels>
            <parameters>
                <parameter kind='argument' name='browser' value='chrome-85.0.4183.121'/>
            </parameters>
            <steps/>
            <attachments/>
        </test-case>
        <test-case start='1602504134300' status='passed' stop='1602504134300'>
            <name>Hook</name>
            <title>Hook</title>
            <labels>
                <label name='language' value='javascript'/>
                <label name='framework' value='wdio'/>
                <label name='thread' value='0-1'/>
            </labels>
            <parameters>
                <parameter kind='argument' name='browser' value='chrome-85.0.4183.121'/>
            </parameters>
            <steps/>
            <attachments/>
        </test-case>
        <test-case start='1602504134300' status='broken' stop='1602504134302'>
            <name>When I check scenario 2.5</name>
            <title>When I check scenario 2.5</title>
            <labels>
                <label name='language' value='javascript'/>
                <label name='framework' value='wdio'/>
                <label name='thread' value='0-1'/>
            </labels>
            <parameters>
                <parameter kind='argument' name='browser' value='chrome-85.0.4183.121'/>
            </parameters>
            <steps/>
            <attachments/>
            <failure>
                <message>Step "When I check scenario 2.5" is not definedYou can ignore this error by setting cucumberOpts.ignoreUndefinedDefinitions as true.</message>
                <stack-trace>undefined:undefined</stack-trace>
            </failure>
        </test-case>
        <test-case start='1602504134302' status='broken' stop='1602504134303'>
            <name>Then It should verify scenario 2.5 properly</name>
            <title>Then It should verify scenario 2.5 properly</title>
            <labels>
                <label name='language' value='javascript'/>
                <label name='framework' value='wdio'/>
                <label name='thread' value='0-1'/>
            </labels>
            <parameters>
                <parameter kind='argument' name='browser' value='chrome-85.0.4183.121'/>
            </parameters>
            <steps/>
            <attachments/>
            <failure>
                <message>Step "Then It should verify scenario 2.5 properly" is not definedYou can ignore this error by setting cucumberOpts.ignoreUndefinedDefinitions as true.</message>
                <stack-trace>undefined:undefined</stack-trace>
            </failure>
        </test-case>
        <test-case start='1602504134303' status='passed' stop='1602504134304'>
            <name>Hook</name>
            <title>Hook</title>
            <labels>
                <label name='language' value='javascript'/>
                <label name='framework' value='wdio'/>
                <label name='thread' value='0-1'/>
            </labels>
            <parameters>
                <parameter kind='argument' name='browser' value='chrome-85.0.4183.121'/>
            </parameters>
            <steps/>
            <attachments/>
        </test-case>
        <test-case start='1602504134304' status='passed' stop='1602504134304'>
            <name>Hook</name>
            <title>Hook</title>
            <labels>
                <label name='language' value='javascript'/>
                <label name='framework' value='wdio'/>
                <label name='thread' value='0-1'/>
            </labels>
            <parameters>
                <parameter kind='argument' name='browser' value='chrome-85.0.4183.121'/>
            </parameters>
            <steps/>
            <attachments/>
        </test-case>
        <test-case start='1602504134304' status='passed' stop='1602504134305'>
            <name>Hook</name>
            <title>Hook</title>
            <labels>
                <label name='language' value='javascript'/>
                <label name='framework' value='wdio'/>
                <label name='thread' value='0-1'/>
            </labels>
            <parameters>
                <parameter kind='argument' name='browser' value='chrome-85.0.4183.121'/>
            </parameters>
            <steps/>
            <attachments/>
        </test-case>
        <test-case start='1602504134305' status='passed' stop='1602504134306'>
            <name>Hook</name>
            <title>Hook</title>
            <labels>
                <label name='language' value='javascript'/>
                <label name='framework' value='wdio'/>
                <label name='thread' value='0-1'/>
            </labels>
            <parameters>
                <parameter kind='argument' name='browser' value='chrome-85.0.4183.121'/>
            </parameters>
            <steps/>
            <attachments/>
        </test-case>
    </test-cases>
</ns2:test-suite>