<?xml version='1.0'?>
<ns2:test-suite xmlns:ns2='urn:model.allure.qatools.yandex.ru' start='1602502270030' stop='1602502270076'>
    <name>City Bank feature [2.0]: [Bank base scenario 2.1]</name>
    <title>City Bank feature [2.0]: [Bank base scenario 2.1]</title>
    <test-cases>
        <test-case start='1602502270059' status='passed' stop='1602502270063'>
            <name>Hook</name>
            <title>Hook</title>
            <labels>
                <label name='language' value='javascript'/>
                <label name='framework' value='wdio'/>
                <label name='thread' value='0-1'/>
            </labels>
            <parameters>
                <parameter kind='argument' name='browser' value='chrome-85.0.4183.121'/>
            </parameters>
            <steps/>
            <attachments/>
        </test-case>
        <test-case start='1602502270063' status='passed' stop='1602502270066'>
            <name>Hook</name>
            <title>Hook</title>
            <labels>
                <label name='language' value='javascript'/>
                <label name='framework' value='wdio'/>
                <label name='thread' value='0-1'/>
            </labels>
            <parameters>
                <parameter kind='argument' name='browser' value='chrome-85.0.4183.121'/>
            </parameters>
            <steps/>
            <attachments/>
        </test-case>
        <test-case start='1602502270066' status='passed' stop='1602502270067'>
            <name>Hook</name>
            <title>Hook</title>
            <labels>
                <label name='language' value='javascript'/>
                <label name='framework' value='wdio'/>
                <label name='thread' value='0-1'/>
            </labels>
            <parameters>
                <parameter kind='argument' name='browser' value='chrome-85.0.4183.121'/>
            </parameters>
            <steps/>
            <attachments/>
        </test-case>
        <test-case start='1602502270067' status='passed' stop='1602502270069'>
            <name>Hook</name>
            <title>Hook</title>
            <labels>
                <label name='language' value='javascript'/>
                <label name='framework' value='wdio'/>
                <label name='thread' value='0-1'/>
            </labels>
            <parameters>
                <parameter kind='argument' name='browser' value='chrome-85.0.4183.121'/>
            </parameters>
            <steps/>
            <attachments/>
        </test-case>
        <test-case start='1602502270070' status='broken' stop='1602502270072'>
            <name>When I check scenario 2.1</name>
            <title>When I check scenario 2.1</title>
            <labels>
                <label name='language' value='javascript'/>
                <label name='framework' value='wdio'/>
                <label name='thread' value='0-1'/>
            </labels>
            <parameters>
                <parameter kind='argument' name='browser' value='chrome-85.0.4183.121'/>
            </parameters>
            <steps/>
            <attachments/>
            <failure>
                <message>Step "When I check scenario 2.1" is not definedYou can ignore this error by setting cucumberOpts.ignoreUndefinedDefinitions as true.</message>
                <stack-trace>undefined:undefined</stack-trace>
            </failure>
        </test-case>
        <test-case start='1602502270072' status='broken' stop='1602502270073'>
            <name>Then It should verify scenario 2.1 properly</name>
            <title>Then It should verify scenario 2.1 properly</title>
            <labels>
                <label name='language' value='javascript'/>
                <label name='framework' value='wdio'/>
                <label name='thread' value='0-1'/>
            </labels>
            <parameters>
                <parameter kind='argument' name='browser' value='chrome-85.0.4183.121'/>
            </parameters>
            <steps/>
            <attachments/>
            <failure>
                <message>Step "Then It should verify scenario 2.1 properly" is not definedYou can ignore this error by setting cucumberOpts.ignoreUndefinedDefinitions as true.</message>
                <stack-trace>undefined:undefined</stack-trace>
            </failure>
        </test-case>
        <test-case start='1602502270073' status='passed' stop='1602502270074'>
            <name>Hook</name>
            <title>Hook</title>
            <labels>
                <label name='language' value='javascript'/>
                <label name='framework' value='wdio'/>
                <label name='thread' value='0-1'/>
            </labels>
            <parameters>
                <parameter kind='argument' name='browser' value='chrome-85.0.4183.121'/>
            </parameters>
            <steps/>
            <attachments/>
        </test-case>
        <test-case start='1602502270074' status='passed' stop='1602502270074'>
            <name>Hook</name>
            <title>Hook</title>
            <labels>
                <label name='language' value='javascript'/>
                <label name='framework' value='wdio'/>
                <label name='thread' value='0-1'/>
            </labels>
            <parameters>
                <parameter kind='argument' name='browser' value='chrome-85.0.4183.121'/>
            </parameters>
            <steps/>
            <attachments/>
        </test-case>
        <test-case start='1602502270074' status='passed' stop='1602502270075'>
            <name>Hook</name>
            <title>Hook</title>
            <labels>
                <label name='language' value='javascript'/>
                <label name='framework' value='wdio'/>
                <label name='thread' value='0-1'/>
            </labels>
            <parameters>
                <parameter kind='argument' name='browser' value='chrome-85.0.4183.121'/>
            </parameters>
            <steps/>
            <attachments/>
        </test-case>
        <test-case start='1602502270075' status='passed' stop='1602502270075'>
            <name>Hook</name>
            <title>Hook</title>
            <labels>
                <label name='language' value='javascript'/>
                <label name='framework' value='wdio'/>
                <label name='thread' value='0-1'/>
            </labels>
            <parameters>
                <parameter kind='argument' name='browser' value='chrome-85.0.4183.121'/>
            </parameters>
            <steps/>
            <attachments/>
        </test-case>
    </test-cases>
</ns2:test-suite>