<?xml version='1.0'?>
<ns2:test-suite xmlns:ns2='urn:model.allure.qatools.yandex.ru' start='1602503990442' stop='1602503990478'>
    <name>Citi Bank feature [2.0]: [Bank base scenario 2.5]</name>
    <title>Citi Bank feature [2.0]: [Bank base scenario 2.5]</title>
    <test-cases>
        <test-case start='1602503990460' status='passed' stop='1602503990461'>
            <name>Hook</name>
            <title>Hook</title>
            <labels>
                <label name='language' value='javascript'/>
                <label name='framework' value='wdio'/>
                <label name='thread' value='0-1'/>
            </labels>
            <parameters>
                <parameter kind='argument' name='browser' value='chrome-85.0.4183.121'/>
            </parameters>
            <steps/>
            <attachments/>
        </test-case>
        <test-case start='1602503990461' status='passed' stop='1602503990462'>
            <name>Hook</name>
            <title>Hook</title>
            <labels>
                <label name='language' value='javascript'/>
                <label name='framework' value='wdio'/>
                <label name='thread' value='0-1'/>
            </labels>
            <parameters>
                <parameter kind='argument' name='browser' value='chrome-85.0.4183.121'/>
            </parameters>
            <steps/>
            <attachments/>
        </test-case>
        <test-case start='1602503990462' status='passed' stop='1602503990463'>
            <name>Hook</name>
            <title>Hook</title>
            <labels>
                <label name='language' value='javascript'/>
                <label name='framework' value='wdio'/>
                <label name='thread' value='0-1'/>
            </labels>
            <parameters>
                <parameter kind='argument' name='browser' value='chrome-85.0.4183.121'/>
            </parameters>
            <steps/>
            <attachments/>
        </test-case>
        <test-case start='1602503990465' status='passed' stop='1602503990467'>
            <name>Hook</name>
            <title>Hook</title>
            <labels>
                <label name='language' value='javascript'/>
                <label name='framework' value='wdio'/>
                <label name='thread' value='0-1'/>
            </labels>
            <parameters>
                <parameter kind='argument' name='browser' value='chrome-85.0.4183.121'/>
            </parameters>
            <steps/>
            <attachments/>
        </test-case>
        <test-case start='1602503990468' status='broken' stop='1602503990470'>
            <name>When I check scenario 2.5</name>
            <title>When I check scenario 2.5</title>
            <labels>
                <label name='language' value='javascript'/>
                <label name='framework' value='wdio'/>
                <label name='thread' value='0-1'/>
            </labels>
            <parameters>
                <parameter kind='argument' name='browser' value='chrome-85.0.4183.121'/>
            </parameters>
            <steps/>
            <attachments/>
            <failure>
                <message>Step "When I check scenario 2.5" is not definedYou can ignore this error by setting cucumberOpts.ignoreUndefinedDefinitions as true.</message>
                <stack-trace>undefined:undefined</stack-trace>
            </failure>
        </test-case>
        <test-case start='1602503990470' status='broken' stop='1602503990471'>
            <name>Then It should verify scenario 2.5 properly</name>
            <title>Then It should verify scenario 2.5 properly</title>
            <labels>
                <label name='language' value='javascript'/>
                <label name='framework' value='wdio'/>
                <label name='thread' value='0-1'/>
            </labels>
            <parameters>
                <parameter kind='argument' name='browser' value='chrome-85.0.4183.121'/>
            </parameters>
            <steps/>
            <attachments/>
            <failure>
                <message>Step "Then It should verify scenario 2.5 properly" is not definedYou can ignore this error by setting cucumberOpts.ignoreUndefinedDefinitions as true.</message>
                <stack-trace>undefined:undefined</stack-trace>
            </failure>
        </test-case>
        <test-case start='1602503990472' status='passed' stop='1602503990473'>
            <name>Hook</name>
            <title>Hook</title>
            <labels>
                <label name='language' value='javascript'/>
                <label name='framework' value='wdio'/>
                <label name='thread' value='0-1'/>
            </labels>
            <parameters>
                <parameter kind='argument' name='browser' value='chrome-85.0.4183.121'/>
            </parameters>
            <steps/>
            <attachments/>
        </test-case>
        <test-case start='1602503990473' status='passed' stop='1602503990474'>
            <name>Hook</name>
            <title>Hook</title>
            <labels>
                <label name='language' value='javascript'/>
                <label name='framework' value='wdio'/>
                <label name='thread' value='0-1'/>
            </labels>
            <parameters>
                <parameter kind='argument' name='browser' value='chrome-85.0.4183.121'/>
            </parameters>
            <steps/>
            <attachments/>
        </test-case>
        <test-case start='1602503990475' status='passed' stop='1602503990476'>
            <name>Hook</name>
            <title>Hook</title>
            <labels>
                <label name='language' value='javascript'/>
                <label name='framework' value='wdio'/>
                <label name='thread' value='0-1'/>
            </labels>
            <parameters>
                <parameter kind='argument' name='browser' value='chrome-85.0.4183.121'/>
            </parameters>
            <steps/>
            <attachments/>
        </test-case>
        <test-case start='1602503990476' status='passed' stop='1602503990478'>
            <name>Hook</name>
            <title>Hook</title>
            <labels>
                <label name='language' value='javascript'/>
                <label name='framework' value='wdio'/>
                <label name='thread' value='0-1'/>
            </labels>
            <parameters>
                <parameter kind='argument' name='browser' value='chrome-85.0.4183.121'/>
            </parameters>
            <steps/>
            <attachments/>
        </test-case>
    </test-cases>
</ns2:test-suite>