<?xml version='1.0'?>
<ns2:test-suite xmlns:ns2='urn:model.allure.qatools.yandex.ru' start='1602079400242' stop='1602079428926'>
    <name>vacationsdirect hotel search and sorting verification: [Scenario 3.0] As a user, I can search hotels for expected destination</name>
    <title>vacationsdirect hotel search and sorting verification: [Scenario 3.0] As a user, I can search hotels for expected destination</title>
    <test-cases>
        <test-case start='1602079400244' status='passed' stop='1602079400248'>
            <name>Hook</name>
            <title>Hook</title>
            <labels>
                <label name='language' value='javascript'/>
                <label name='framework' value='wdio'/>
                <label name='thread' value='0-2'/>
            </labels>
            <parameters>
                <parameter kind='argument' name='browser' value='chrome-85.0.4183.121'/>
            </parameters>
            <steps/>
            <attachments/>
        </test-case>
        <test-case start='1602079400249' status='passed' stop='1602079400254'>
            <name>Given I hotel search url https://vacationsdirect.com/</name>
            <title>Given I hotel search url https://vacationsdirect.com/</title>
            <labels>
                <label name='language' value='javascript'/>
                <label name='framework' value='wdio'/>
                <label name='thread' value='0-2'/>
            </labels>
            <parameters>
                <parameter kind='argument' name='browser' value='chrome-85.0.4183.121'/>
            </parameters>
            <steps/>
            <attachments/>
        </test-case>
        <test-case start='1602079400254' status='passed' stop='1602079428913'>
            <name>When I open the hotel search</name>
            <title>When I open the hotel search</title>
            <labels>
                <label name='language' value='javascript'/>
                <label name='framework' value='wdio'/>
                <label name='thread' value='0-2'/>
            </labels>
            <parameters>
                <parameter kind='argument' name='browser' value='chrome-85.0.4183.121'/>
            </parameters>
            <steps>
                <step start='1602079400265' status='passed' stop='1602079423744'>
                    <name>POST /session/:sessionId/url</name>
                    <title>POST /session/:sessionId/url</title>
                    <attachments>
                        <attachment title='Request' source='ed8adf84-a395-4dd8-9825-22a3ff6d1452-attachment.json' type='application/json' size='43'/>
                    </attachments>
                    <steps/>
                </step>
                <step start='1602079423745' status='passed' stop='1602079423905'>
                    <name>POST /session/:sessionId/window/maximize</name>
                    <title>POST /session/:sessionId/window/maximize</title>
                    <attachments>
                        <attachment title='Response' source='2af23646-adf6-46a7-a551-a6b01b90516a-attachment.json' type='application/json' size='58'/>
                    </attachments>
                    <steps/>
                </step>
            </steps>
            <attachments/>
        </test-case>
        <test-case start='1602079428914' status='broken' stop='1602079428917'>
            <name>Then It should redirect hotels search page properly</name>
            <title>Then It should redirect hotels search page properly</title>
            <labels>
                <label name='language' value='javascript'/>
                <label name='framework' value='wdio'/>
                <label name='thread' value='0-2'/>
            </labels>
            <parameters>
                <parameter kind='argument' name='browser' value='chrome-85.0.4183.121'/>
            </parameters>
            <steps/>
            <attachments/>
            <failure>
                <message>Step "Then It should redirect hotels search page properly" is not definedYou can ignore this error by setting cucumberOpts.ignoreUndefinedDefinitions as true.</message>
                <stack-trace>undefined:undefined</stack-trace>
            </failure>
        </test-case>
        <test-case start='1602079428918' status='pending' stop='1602079428919'>
            <name>When I click on hotel tab and provide the destination Houston, TX, date, and adults as search criteria</name>
            <title>When I click on hotel tab and provide the destination Houston, TX, date, and adults as search criteria</title>
            <labels>
                <label name='language' value='javascript'/>
                <label name='framework' value='wdio'/>
                <label name='thread' value='0-2'/>
            </labels>
            <parameters>
                <parameter kind='argument' name='browser' value='chrome-85.0.4183.121'/>
            </parameters>
            <steps/>
            <attachments/>
        </test-case>
        <test-case start='1602079428920' status='broken' stop='1602079428921'>
            <name>Then It should redirect hotels details page properly</name>
            <title>Then It should redirect hotels details page properly</title>
            <labels>
                <label name='language' value='javascript'/>
                <label name='framework' value='wdio'/>
                <label name='thread' value='0-2'/>
            </labels>
            <parameters>
                <parameter kind='argument' name='browser' value='chrome-85.0.4183.121'/>
            </parameters>
            <steps/>
            <attachments/>
            <failure>
                <message>Step "Then It should redirect hotels details page properly" is not definedYou can ignore this error by setting cucumberOpts.ignoreUndefinedDefinitions as true.</message>
                <stack-trace>undefined:undefined</stack-trace>
            </failure>
        </test-case>
        <test-case start='1602079428922' status='passed' stop='1602079428923'>
            <name>Hook</name>
            <title>Hook</title>
            <labels>
                <label name='language' value='javascript'/>
                <label name='framework' value='wdio'/>
                <label name='thread' value='0-2'/>
            </labels>
            <parameters>
                <parameter kind='argument' name='browser' value='chrome-85.0.4183.121'/>
            </parameters>
            <steps/>
            <attachments/>
        </test-case>
    </test-cases>
</ns2:test-suite>