<?xml version='1.0'?>
<ns2:test-suite xmlns:ns2='urn:model.allure.qatools.yandex.ru' start='1602502216405' stop='1602502216419'>
    <name>City Bank feature [2.0]: [Bank base scenario 2.2]</name>
    <title>City Bank feature [2.0]: [Bank base scenario 2.2]</title>
    <test-cases>
        <test-case start='1602502216407' status='passed' stop='1602502216408'>
            <name>Hook</name>
            <title>Hook</title>
            <labels>
                <label name='language' value='javascript'/>
                <label name='framework' value='wdio'/>
                <label name='thread' value='0-1'/>
            </labels>
            <parameters>
                <parameter kind='argument' name='browser' value='chrome-85.0.4183.121'/>
            </parameters>
            <steps/>
            <attachments/>
        </test-case>
        <test-case start='1602502216408' status='passed' stop='1602502216409'>
            <name>Hook I check scenario 2.2</name>
            <title>Hook I check scenario 2.2</title>
            <labels>
                <label name='language' value='javascript'/>
                <label name='framework' value='wdio'/>
                <label name='thread' value='0-1'/>
            </labels>
            <parameters>
                <parameter kind='argument' name='browser' value='chrome-85.0.4183.121'/>
            </parameters>
            <steps/>
            <attachments/>
        </test-case>
        <test-case start='1602502216409' status='passed' stop='1602502216410'>
            <name>Hook</name>
            <title>Hook</title>
            <labels>
                <label name='language' value='javascript'/>
                <label name='framework' value='wdio'/>
                <label name='thread' value='0-1'/>
            </labels>
            <parameters>
                <parameter kind='argument' name='browser' value='chrome-85.0.4183.121'/>
            </parameters>
            <steps/>
            <attachments/>
        </test-case>
        <test-case start='1602502216411' status='passed' stop='1602502216412'>
            <name>Hook I check scenario 2.2</name>
            <title>Hook I check scenario 2.2</title>
            <labels>
                <label name='language' value='javascript'/>
                <label name='framework' value='wdio'/>
                <label name='thread' value='0-1'/>
            </labels>
            <parameters>
                <parameter kind='argument' name='browser' value='chrome-85.0.4183.121'/>
            </parameters>
            <steps/>
            <attachments/>
        </test-case>
        <test-case start='1602502216412' status='broken' stop='1602502216413'>
            <name>When I check scenario 2.2</name>
            <title>When I check scenario 2.2</title>
            <labels>
                <label name='language' value='javascript'/>
                <label name='framework' value='wdio'/>
                <label name='thread' value='0-1'/>
            </labels>
            <parameters>
                <parameter kind='argument' name='browser' value='chrome-85.0.4183.121'/>
            </parameters>
            <steps/>
            <attachments/>
            <failure>
                <message>Step "When I check scenario 2.2" is not definedYou can ignore this error by setting cucumberOpts.ignoreUndefinedDefinitions as true.</message>
                <stack-trace>undefined:undefined</stack-trace>
            </failure>
        </test-case>
        <test-case start='1602502216413' status='broken' stop='1602502216414'>
            <name>Then It should verify scenario 2.2 properly</name>
            <title>Then It should verify scenario 2.2 properly</title>
            <labels>
                <label name='language' value='javascript'/>
                <label name='framework' value='wdio'/>
                <label name='thread' value='0-1'/>
            </labels>
            <parameters>
                <parameter kind='argument' name='browser' value='chrome-85.0.4183.121'/>
            </parameters>
            <steps/>
            <attachments/>
            <failure>
                <message>Step "Then It should verify scenario 2.2 properly" is not definedYou can ignore this error by setting cucumberOpts.ignoreUndefinedDefinitions as true.</message>
                <stack-trace>undefined:undefined</stack-trace>
            </failure>
        </test-case>
        <test-case start='1602502216414' status='passed' stop='1602502216415'>
            <name>Hook</name>
            <title>Hook</title>
            <labels>
                <label name='language' value='javascript'/>
                <label name='framework' value='wdio'/>
                <label name='thread' value='0-1'/>
            </labels>
            <parameters>
                <parameter kind='argument' name='browser' value='chrome-85.0.4183.121'/>
            </parameters>
            <steps/>
            <attachments/>
        </test-case>
        <test-case start='1602502216415' status='passed' stop='1602502216416'>
            <name>Hook</name>
            <title>Hook</title>
            <labels>
                <label name='language' value='javascript'/>
                <label name='framework' value='wdio'/>
                <label name='thread' value='0-1'/>
            </labels>
            <parameters>
                <parameter kind='argument' name='browser' value='chrome-85.0.4183.121'/>
            </parameters>
            <steps/>
            <attachments/>
        </test-case>
        <test-case start='1602502216417' status='passed' stop='1602502216418'>
            <name>Hook</name>
            <title>Hook</title>
            <labels>
                <label name='language' value='javascript'/>
                <label name='framework' value='wdio'/>
                <label name='thread' value='0-1'/>
            </labels>
            <parameters>
                <parameter kind='argument' name='browser' value='chrome-85.0.4183.121'/>
            </parameters>
            <steps/>
            <attachments/>
        </test-case>
        <test-case start='1602502216418' status='passed' stop='1602502216419'>
            <name>Hook</name>
            <title>Hook</title>
            <labels>
                <label name='language' value='javascript'/>
                <label name='framework' value='wdio'/>
                <label name='thread' value='0-1'/>
            </labels>
            <parameters>
                <parameter kind='argument' name='browser' value='chrome-85.0.4183.121'/>
            </parameters>
            <steps/>
            <attachments/>
        </test-case>
    </test-cases>
</ns2:test-suite>