<?xml version='1.0'?>
<ns2:test-suite xmlns:ns2='urn:model.allure.qatools.yandex.ru' start='1602079160758' stop='1602079200197'>
    <name>vacationsdirect hotel search and sorting verification: [Scenario 3.0] As a user, I can search hotels for expected destination</name>
    <title>vacationsdirect hotel search and sorting verification: [Scenario 3.0] As a user, I can search hotels for expected destination</title>
    <test-cases>
        <test-case start='1602079160760' status='passed' stop='1602079160762'>
            <name>Hook</name>
            <title>Hook</title>
            <labels>
                <label name='language' value='javascript'/>
                <label name='framework' value='wdio'/>
                <label name='thread' value='0-2'/>
            </labels>
            <parameters>
                <parameter kind='argument' name='browser' value='chrome-85.0.4183.121'/>
            </parameters>
            <steps/>
            <attachments/>
        </test-case>
        <test-case start='1602079160763' status='passed' stop='1602079160766'>
            <name>Given I hotel search url https://vacationsdirect.com/</name>
            <title>Given I hotel search url https://vacationsdirect.com/</title>
            <labels>
                <label name='language' value='javascript'/>
                <label name='framework' value='wdio'/>
                <label name='thread' value='0-2'/>
            </labels>
            <parameters>
                <parameter kind='argument' name='browser' value='chrome-85.0.4183.121'/>
            </parameters>
            <steps/>
            <attachments/>
        </test-case>
        <test-case start='1602079160766' status='passed' stop='1602079200185'>
            <name>When I open the hotel search</name>
            <title>When I open the hotel search</title>
            <labels>
                <label name='language' value='javascript'/>
                <label name='framework' value='wdio'/>
                <label name='thread' value='0-2'/>
            </labels>
            <parameters>
                <parameter kind='argument' name='browser' value='chrome-85.0.4183.121'/>
            </parameters>
            <steps>
                <step start='1602079160771' status='passed' stop='1602079195041'>
                    <name>POST /session/:sessionId/url</name>
                    <title>POST /session/:sessionId/url</title>
                    <attachments>
                        <attachment title='Request' source='7500bacb-c702-4b7a-851c-580617f8d91e-attachment.json' type='application/json' size='43'/>
                    </attachments>
                    <steps/>
                </step>
                <step start='1602079195042' status='passed' stop='1602079195171'>
                    <name>POST /session/:sessionId/window/maximize</name>
                    <title>POST /session/:sessionId/window/maximize</title>
                    <attachments>
                        <attachment title='Response' source='ee2584ea-1376-416b-9781-789490dab657-attachment.json' type='application/json' size='58'/>
                    </attachments>
                    <steps/>
                </step>
            </steps>
            <attachments/>
        </test-case>
        <test-case start='1602079200185' status='broken' stop='1602079200190'>
            <name>Then It should redirect hotels search page properly</name>
            <title>Then It should redirect hotels search page properly</title>
            <labels>
                <label name='language' value='javascript'/>
                <label name='framework' value='wdio'/>
                <label name='thread' value='0-2'/>
            </labels>
            <parameters>
                <parameter kind='argument' name='browser' value='chrome-85.0.4183.121'/>
            </parameters>
            <steps/>
            <attachments/>
            <failure>
                <message>Step "Then It should redirect hotels search page properly" is not definedYou can ignore this error by setting cucumberOpts.ignoreUndefinedDefinitions as true.</message>
                <stack-trace>undefined:undefined</stack-trace>
            </failure>
        </test-case>
        <test-case start='1602079200190' status='pending' stop='1602079200192'>
            <name>When I click on hotel tab and provide the destination Houston, TX, date, and adults as search criteria</name>
            <title>When I click on hotel tab and provide the destination Houston, TX, date, and adults as search criteria</title>
            <labels>
                <label name='language' value='javascript'/>
                <label name='framework' value='wdio'/>
                <label name='thread' value='0-2'/>
            </labels>
            <parameters>
                <parameter kind='argument' name='browser' value='chrome-85.0.4183.121'/>
            </parameters>
            <steps/>
            <attachments/>
        </test-case>
        <test-case start='1602079200192' status='broken' stop='1602079200193'>
            <name>Then It should redirect hotels details page properly</name>
            <title>Then It should redirect hotels details page properly</title>
            <labels>
                <label name='language' value='javascript'/>
                <label name='framework' value='wdio'/>
                <label name='thread' value='0-2'/>
            </labels>
            <parameters>
                <parameter kind='argument' name='browser' value='chrome-85.0.4183.121'/>
            </parameters>
            <steps/>
            <attachments/>
            <failure>
                <message>Step "Then It should redirect hotels details page properly" is not definedYou can ignore this error by setting cucumberOpts.ignoreUndefinedDefinitions as true.</message>
                <stack-trace>undefined:undefined</stack-trace>
            </failure>
        </test-case>
        <test-case start='1602079200194' status='passed' stop='1602079200196'>
            <name>Hook</name>
            <title>Hook</title>
            <labels>
                <label name='language' value='javascript'/>
                <label name='framework' value='wdio'/>
                <label name='thread' value='0-2'/>
            </labels>
            <parameters>
                <parameter kind='argument' name='browser' value='chrome-85.0.4183.121'/>
            </parameters>
            <steps/>
            <attachments/>
        </test-case>
    </test-cases>
</ns2:test-suite>