<?xml version="1.0" encoding="UTF-8"?>
<coverage generated="1599832664877" clover="3.2.0">
  <project timestamp="1599832664877" name="All files">
    <metrics statements="23" coveredstatements="21" conditionals="6" coveredconditionals="5" methods="4" coveredmethods="4" elements="33" coveredelements="30" complexity="0" loc="23" ncloc="23" packages="1" files="3" classes="3"/>
    <file name="factorialOfN.ts" path="D:\TaviscaAssignmentsForQA\TS-Jest-Prj\factorialOfN.ts">
      <metrics statements="11" coveredstatements="11" conditionals="4" coveredconditionals="4" methods="1" coveredmethods="1"/>
      <line num="2" count="1" type="stmt"/>
      <line num="3" count="3" type="cond" truecount="2" falsecount="0"/>
      <line num="4" count="1" type="stmt"/>
      <line num="6" count="2" type="cond" truecount="2" falsecount="0"/>
      <line num="7" count="1" type="stmt"/>
      <line num="9" count="1" type="stmt"/>
      <line num="10" count="1" type="stmt"/>
      <line num="11" count="1" type="stmt"/>
      <line num="12" count="5" type="stmt"/>
      <line num="13" count="5" type="stmt"/>
      <line num="15" count="1" type="stmt"/>
    </file>
    <file name="foo.ts" path="D:\TaviscaAssignmentsForQA\TS-Jest-Prj\foo.ts">
      <metrics statements="3" coveredstatements="3" conditionals="0" coveredconditionals="0" methods="2" coveredmethods="2"/>
      <line num="1" count="1" type="stmt"/>
      <line num="2" count="6" type="stmt"/>
      <line num="3" count="2" type="stmt"/>
    </file>
    <file name="palindrome-program.ts" path="D:\TaviscaAssignmentsForQA\TS-Jest-Prj\palindrome-program.ts">
      <metrics statements="9" coveredstatements="7" conditionals="2" coveredconditionals="1" methods="1" coveredmethods="1"/>
      <line num="3" count="1" type="stmt"/>
      <line num="10" count="1" type="stmt"/>
      <line num="12" count="1" type="stmt"/>
      <line num="14" count="1" type="stmt"/>
      <line num="20" count="1" type="cond" truecount="1" falsecount="1"/>
      <line num="22" count="1" type="stmt"/>
      <line num="23" count="1" type="stmt"/>
      <line num="27" count="0" type="stmt"/>
      <line num="28" count="0" type="stmt"/>
    </file>
  </project>
</coverage>
