{"D:\\TaviscaAssignmentsForQA\\TS-Jest-Prj\\factorialOfN.ts": {"path":"D:\\TaviscaAssignmentsForQA\\TS-Jest-Prj\\factorialOfN.ts","statementMap":{"0":{"start":{"line":2,"column":13},"end":{"line":18,"column":null}},"1":{"start":{"line":3,"column":4},"end":{"line":17,"column":null}},"2":{"start":{"line":4,"column":8},"end":{"line":4,"column":47}},"3":{"start":{"line":6,"column":8},"end":{"line":16,"column":null}},"4":{"start":{"line":7,"column":12},"end":{"line":7,"column":21}},"5":{"start":{"line":9,"column":20},"end":{"line":9,"column":21}},"6":{"start":{"line":10,"column":43},"end":{"line":10,"column":44}},"7":{"start":{"line":11,"column":12},"end":{"line":14,"column":null}},"8":{"start":{"line":12,"column":16},"end":{"line":12,"column":56}},"9":{"start":{"line":13,"column":16},"end":{"line":13,"column":20}},"10":{"start":{"line":15,"column":12},"end":{"line":15,"column":36}}},"fnMap":{"0":{"name":"(anonymous_0)","decl":{"start":{"line":2,"column":35},"end":{"line":2,"column":36}},"loc":{"start":{"line":2,"column":45},"end":{"line":18,"column":1}}}},"branchMap":{"0":{"loc":{"start":{"line":3,"column":4},"end":{"line":17,"column":null}},"type":"if","locations":[{"start":{"line":3,"column":4},"end":{"line":17,"column":null}},{"start":{"line":3,"column":4},"end":{"line":17,"column":null}}]},"1":{"loc":{"start":{"line":6,"column":8},"end":{"line":16,"column":null}},"type":"if","locations":[{"start":{"line":6,"column":8},"end":{"line":16,"column":null}},{"start":{"line":6,"column":8},"end":{"line":16,"column":null}}]}},"s":{"0":1,"1":3,"2":1,"3":2,"4":1,"5":1,"6":1,"7":1,"8":5,"9":5,"10":1},"f":{"0":3},"b":{"0":[1,2],"1":[1,1]}}
,"D:\\TaviscaAssignmentsForQA\\TS-Jest-Prj\\foo.ts": {"path":"D:\\TaviscaAssignmentsForQA\\TS-Jest-Prj\\foo.ts","statementMap":{"0":{"start":{"line":1,"column":13},"end":{"line":3,"column":43}},"1":{"start":{"line":2,"column":7},"end":{"line":2,"column":21}},"2":{"start":{"line":3,"column":6},"end":{"line":3,"column":43}},"3":{"start":{"line":3,"column":29},"end":{"line":3,"column":40}}},"fnMap":{"0":{"name":"(anonymous_0)","decl":{"start":{"line":2,"column":6},"end":{"line":2,"column":7}},"loc":{"start":{"line":2,"column":6},"end":{"line":3,"column":7}}},"1":{"name":"(anonymous_1)","decl":{"start":{"line":3,"column":15},"end":{"line":3,"column":16}},"loc":{"start":{"line":3,"column":24},"end":{"line":3,"column":32}}}},"branchMap":{},"s":{"0":1,"1":6,"2":2,"3":2},"f":{"0":2,"1":2},"b":{}}
,"D:\\TaviscaAssignmentsForQA\\TS-Jest-Prj\\palindrome-program.ts": {"path":"D:\\TaviscaAssignmentsForQA\\TS-Jest-Prj\\palindrome-program.ts","statementMap":{"0":{"start":{"line":3,"column":26},"end":{"line":3,"column":33}},"1":{"start":{"line":10,"column":13},"end":{"line":30,"column":4}},"2":{"start":{"line":12,"column":30},"end":{"line":12,"column":32}},"3":{"start":{"line":14,"column":5},"end":{"line":18,"column":30}},"4":{"start":{"line":20,"column":4},"end":{"line":29,"column":null}},"5":{"start":{"line":22,"column":8},"end":{"line":22,"column":60}},"6":{"start":{"line":23,"column":8},"end":{"line":23,"column":20}},"7":{"start":{"line":27,"column":8},"end":{"line":27,"column":64}},"8":{"start":{"line":28,"column":8},"end":{"line":28,"column":21}}},"fnMap":{"0":{"name":"(anonymous_0)","decl":{"start":{"line":10,"column":29},"end":{"line":10,"column":30}},"loc":{"start":{"line":10,"column":48},"end":{"line":30,"column":2}}}},"branchMap":{"0":{"loc":{"start":{"line":20,"column":4},"end":{"line":29,"column":null}},"type":"if","locations":[{"start":{"line":20,"column":4},"end":{"line":29,"column":null}},{"start":{"line":20,"column":4},"end":{"line":29,"column":null}}]}},"s":{"0":1,"1":1,"2":1,"3":1,"4":1,"5":1,"6":1,"7":0,"8":0},"f":{"0":1},"b":{"0":[1,0]}}
}
