TN:
SF:factorialOfN.ts
FN:2,(anonymous_0)
FNF:1
FNH:1
FNDA:3,(anonymous_0)
DA:2,1
DA:3,3
DA:4,1
DA:6,2
DA:7,1
DA:9,1
DA:10,1
DA:11,1
DA:12,5
DA:13,5
DA:15,1
LF:11
LH:11
BRDA:3,0,0,1
BRDA:3,0,1,2
BRDA:6,1,0,1
BRDA:6,1,1,1
BRF:4
BRH:4
end_of_record
TN:
SF:foo.ts
FN:2,(anonymous_0)
FN:3,(anonymous_1)
FNF:2
FNH:2
FNDA:2,(anonymous_0)
FNDA:2,(anonymous_1)
DA:1,1
DA:2,6
DA:3,2
LF:3
LH:3
BRF:0
BRH:0
end_of_record
TN:
SF:palindrome-program.ts
FN:10,(anonymous_0)
FNF:1
FNH:1
FNDA:1,(anonymous_0)
DA:3,1
DA:10,1
DA:12,1
DA:14,1
DA:20,1
DA:22,1
DA:23,1
DA:27,0
DA:28,0
LF:9
LH:7
BRDA:20,0,0,1
BRDA:20,0,1,0
BRF:2
BRH:1
end_of_record
